/*******************************************************************************************************
/*******************************************************************************************************
ebKit/537.36 (KHTML, like Gecko) Chrome/47.0.2515.0 Safari/537.36
* Url : http://siemensf22.nn.cagoe.com/Itf/Php/AjaxItf.php?method=GetSqlData&ItfName=get_story_list&CurPage=1&PageSize=24
* DateTime: 2015-09-26 12:55:23		IP: 114.83.100.69Brower: Mozilla/5.0 (Windows NT 10.0; Win64; x64) AppleWebKit/537.36 (KHTML, like Gecko) Chrome/47.0.2515.0 Safari/537.36
getFieldValue报错
 select count(1) from (select story_id,story_title,story_pic,story_note,story_contents,story_id,is_show from bas_story) cmn_main_table 
-------------
Duplicate column name 'story_id'
* Url : http://siemensf22.nn.cagoe.com/Itf/Php/AjaxItf.php?method=GetSqlData&ItfName=get_story_list&CurPage=1&PageSize=16
*******************************************************************************************************/
getFieldValue报错
 select count(1) from (select story_id,story_title,story_pic,story_note,story_contents,story_id,is_show from bas_story) cmn_main_table 
-------------
Duplicate column name 'story_id'

*******************************************************************************************************/

/*******************************************************************************************************
* DateTime: 2015-09-26 12:55:36		IP: 114.83.100.69Brower: Mozilla/5.0 (Windows NT 10.0; Win64; x64) AppleWebKit/537.36 (KHTML, like Gecko) Chrome/47.0.2515.0 Safari/537.36
* Url : http://siemensf22.nn.cagoe.com/Itf/Php/AjaxItf.php?method=GetSqlData&ItfName=get_story_list&CurPage=2&PageSize=24
getFieldValue报错
 select count(1) from (select story_id,story_title,story_pic,story_note,story_contents,story_id,is_show from bas_story) cmn_main_table 
-------------
Duplicate column name 'story_id'
*******************************************************************************************************/

/*******************************************************************************************************
* DateTime: 2015-09-26 12:55:41		IP: 114.83.100.69Brower: Mozilla/5.0 (Windows NT 10.0; Win64; x64) AppleWebKit/537.36 (KHTML, like Gecko) Chrome/47.0.2515.0 Safari/537.36
* Url : http://siemensf22.nn.cagoe.com/Itf/Php/AjaxItf.php?method=GetSqlData&ItfName=get_story_list&CurPage=1&PageSize=24
getFieldValue报错
 select count(1) from (select story_id,story_title,story_pic,story_note,story_contents,story_id,is_show from bas_story) cmn_main_table 
-------------
Duplicate column name 'story_id'
*******************************************************************************************************/

/*******************************************************************************************************
* DateTime: 2015-09-26 12:55:41		IP: 114.83.100.69Brower: Mozilla/5.0 (Windows NT 10.0; Win64; x64) AppleWebKit/537.36 (KHTML, like Gecko) Chrome/47.0.2515.0 Safari/537.36
* Url : http://siemensf22.nn.cagoe.com/Itf/Php/AjaxItf.php?method=GetSqlData&ItfName=get_story_list&CurPage=1&PageSize=16
getFieldValue报错
 select count(1) from (select story_id,story_title,story_pic,story_note,story_contents,story_id,is_show from bas_story) cmn_main_table 
-------------
Duplicate column name 'story_id'
*******************************************************************************************************/

/*******************************************************************************************************
* DateTime: 2015-09-26 12:55:44		IP: 114.83.100.69Brower: Mozilla/5.0 (Windows NT 10.0; Win64; x64) AppleWebKit/537.36 (KHTML, like Gecko) Chrome/47.0.2515.0 Safari/537.36
* Url : http://siemensf22.nn.cagoe.com/Itf/Php/AjaxItf.php?method=GetSqlData&ItfName=get_story_list&CurPage=2&PageSize=24
getFieldValue报错
 select count(1) from (select story_id,story_title,story_pic,story_note,story_contents,story_id,is_show from bas_story) cmn_main_table 
-------------
Duplicate column name 'story_id'
*******************************************************************************************************/

/*******************************************************************************************************
* DateTime: 2015-09-26 12:55:48		IP: 114.83.100.69Brower: Mozilla/5.0 (Windows NT 10.0; Win64; x64) AppleWebKit/537.36 (KHTML, like Gecko) Chrome/47.0.2515.0 Safari/537.36
* Url : http://siemensf22.nn.cagoe.com/Itf/Php/AjaxItf.php?method=GetSqlData&ItfName=get_story_list&CurPage=1&PageSize=24
getFieldValue报错
 select count(1) from (select story_id,story_title,story_pic,story_note,story_contents,story_id,is_show from bas_story) cmn_main_table 
-------------
Duplicate column name 'story_id'
*******************************************************************************************************/

/*******************************************************************************************************
* DateTime: 2015-09-26 12:55:48		IP: 114.83.100.69Brower: Mozilla/5.0 (Windows NT 10.0; Win64; x64) AppleWebKit/537.36 (KHTML, like Gecko) Chrome/47.0.2515.0 Safari/537.36
* Url : http://siemensf22.nn.cagoe.com/Itf/Php/AjaxItf.php?method=GetSqlData&ItfName=get_story_list&CurPage=1&PageSize=16
getFieldValue报错
 select count(1) from (select story_id,story_title,story_pic,story_note,story_contents,story_id,is_show from bas_story) cmn_main_table 
-------------
Duplicate column name 'story_id'
*******************************************************************************************************/

/*******************************************************************************************************
* DateTime: 2015-09-26 13:56:34		IP: 114.83.100.69Brower: Mozilla/5.0 (Windows NT 10.0; Win64; x64) AppleWebKit/537.36 (KHTML, like Gecko) Chrome/47.0.2515.0 Safari/537.36
* Url : http://siemensf22.nn.cagoe.com/Itf/Php/AjaxItf.php?method=GetSqlData&ItfName=get_story_list&CurPage=1&PageSize=16
getFieldValue报错
 select count(1) from (select story_id,story_title,story_pic,story_note,story_contents,story_id,is_show from bas_story) cmn_main_table 
-------------
Duplicate column name 'story_id'
*******************************************************************************************************/

/*******************************************************************************************************
* DateTime: 2015-09-26 13:56:34		IP: 114.83.100.69Brower: Mozilla/5.0 (Windows NT 10.0; Win64; x64) AppleWebKit/537.36 (KHTML, like Gecko) Chrome/47.0.2515.0 Safari/537.36
* Url : http://siemensf22.nn.cagoe.com/Itf/Php/AjaxItf.php?method=GetSqlData&ItfName=get_story_list&CurPage=1&PageSize=24
getFieldValue报错
 select count(1) from (select story_id,story_title,story_pic,story_note,story_contents,story_id,is_show from bas_story) cmn_main_table 
-------------
Duplicate column name 'story_id'
*******************************************************************************************************/

/*******************************************************************************************************
* DateTime: 2015-09-26 13:57:10		IP: 114.83.100.69Brower: Mozilla/5.0 (Windows NT 10.0; Win64; x64) AppleWebKit/537.36 (KHTML, like Gecko) Chrome/47.0.2515.0 Safari/537.36
* Url : http://siemensf22.nn.cagoe.com/Itf/Php/AjaxItf.php?method=GetSqlData&ItfName=get_story_list&CurPage=1&PageSize=24
getFieldValue报错
 select count(1) from (select story_id,story_title,story_pic,story_note,story_contents,story_id,is_show from bas_story) cmn_main_table 
-------------
Duplicate column name 'story_id'
*******************************************************************************************************/

/*******************************************************************************************************
* DateTime: 2015-09-26 13:57:10		IP: 114.83.100.69Brower: Mozilla/5.0 (Windows NT 10.0; Win64; x64) AppleWebKit/537.36 (KHTML, like Gecko) Chrome/47.0.2515.0 Safari/537.36
* Url : http://siemensf22.nn.cagoe.com/Itf/Php/AjaxItf.php?method=GetSqlData&ItfName=get_story_list&CurPage=1&PageSize=16
getFieldValue报错
 select count(1) from (select story_id,story_title,story_pic,story_note,story_contents,story_id,is_show from bas_story) cmn_main_table 
-------------
Duplicate column name 'story_id'
*******************************************************************************************************/

/*******************************************************************************************************
* DateTime: 2015-09-26 13:58:02		IP: 114.83.100.69Brower: Mozilla/5.0 (Windows NT 10.0; Win64; x64) AppleWebKit/537.36 (KHTML, like Gecko) Chrome/47.0.2515.0 Safari/537.36
* Url : http://siemensf22.nn.cagoe.com/Itf/Php/AjaxItf.php?method=GetSqlData&ItfName=get_story_list&CurPage=1&PageSize=24
getFieldValue报错
 select count(1) from (select story_id,story_title,story_pic,story_note,story_contents,story_id,is_show from bas_story) cmn_main_table 
-------------
Duplicate column name 'story_id'
*******************************************************************************************************/

/*******************************************************************************************************
* DateTime: 2015-09-26 13:58:02		IP: 114.83.100.69Brower: Mozilla/5.0 (Windows NT 10.0; Win64; x64) AppleWebKit/537.36 (KHTML, like Gecko) Chrome/47.0.2515.0 Safari/537.36
* Url : http://siemensf22.nn.cagoe.com/Itf/Php/AjaxItf.php?method=GetSqlData&ItfName=get_story_list&CurPage=1&PageSize=16
getFieldValue报错
 select count(1) from (select story_id,story_title,story_pic,story_note,story_contents,story_id,is_show from bas_story) cmn_main_table 
-------------
Duplicate column name 'story_id'
*******************************************************************************************************/

/*******************************************************************************************************
* DateTime: 2015-09-26 14:02:46		IP: 114.83.100.69Brower: Mozilla/5.0 (Windows NT 10.0; Win64; x64) AppleWebKit/537.36 (KHTML, like Gecko) Chrome/47.0.2515.0 Safari/537.36
* Url : http://siemensf22.nn.cagoe.com/Itf/Php/AjaxItf.php?method=GetSqlData&ItfName=get_story_list&CurPage=1&PageSize=24
getFieldValue报错
 select count(1) from (select story_id,story_title,story_pic,story_note,story_contents,story_id,is_show from bas_story) cmn_main_table 
-------------
Duplicate column name 'story_id'
*******************************************************************************************************/

/*******************************************************************************************************
* DateTime: 2015-09-26 14:02:46		IP: 114.83.100.69Brower: Mozilla/5.0 (Windows NT 10.0; Win64; x64) AppleWebKit/537.36 (KHTML, like Gecko) Chrome/47.0.2515.0 Safari/537.36
* Url : http://siemensf22.nn.cagoe.com/Itf/Php/AjaxItf.php?method=GetSqlData&ItfName=get_story_list&CurPage=1&PageSize=16
getFieldValue报错
 select count(1) from (select story_id,story_title,story_pic,story_note,story_contents,story_id,is_show from bas_story) cmn_main_table 
-------------
Duplicate column name 'story_id'
*******************************************************************************************************/

/*******************************************************************************************************
* DateTime: 2015-09-26 14:02:52		IP: 114.83.100.69Brower: Mozilla/5.0 (Windows NT 10.0; Win64; x64) AppleWebKit/537.36 (KHTML, like Gecko) Chrome/47.0.2515.0 Safari/537.36
* Url : http://siemensf22.nn.cagoe.com/Itf/Php/AjaxItf.php?method=GetSqlData&ItfName=get_story_list&CurPage=2&PageSize=24
getFieldValue报错
 select count(1) from (select story_id,story_title,story_pic,story_note,story_contents,story_id,is_show from bas_story) cmn_main_table 
-------------
Duplicate column name 'story_id'
*******************************************************************************************************/

/*******************************************************************************************************
* DateTime: 2015-09-26 14:02:58		IP: 114.83.100.69Brower: Mozilla/5.0 (Windows NT 10.0; Win64; x64) AppleWebKit/537.36 (KHTML, like Gecko) Chrome/47.0.2515.0 Safari/537.36
* Url : http://siemensf22.nn.cagoe.com/Itf/Php/AjaxItf.php?method=GetSqlData&ItfName=get_story_list&CurPage=3&PageSize=24
getFieldValue报错
 select count(1) from (select story_id,story_title,story_pic,story_note,story_contents,story_id,is_show from bas_story) cmn_main_table 
-------------
Duplicate column name 'story_id'
*******************************************************************************************************/

/*******************************************************************************************************
* DateTime: 2015-09-26 14:45:18		IP: 114.83.100.69Brower: Mozilla/5.0 (Windows NT 6.1; Win64; x64) AppleWebKit/537.36 (KHTML, like Gecko) Chrome/44.0.2392.0 Safari/537.36
* Url : http://siemensf22.nn.cagoe.com/Itf/Php/AjaxItf.php?method=GetSqlData&ItfName=get_story_list&CurPage=1&PageSize=24
getFieldValue报错
 select count(1) from (select story_id,story_title,story_pic,story_note,story_contents,story_id,is_show from bas_story) cmn_main_table 
-------------
Duplicate column name 'story_id'
*******************************************************************************************************/

/*******************************************************************************************************
* DateTime: 2015-09-26 14:45:18		IP: 114.83.100.69Brower: Mozilla/5.0 (Windows NT 6.1; Win64; x64) AppleWebKit/537.36 (KHTML, like Gecko) Chrome/44.0.2392.0 Safari/537.36
* Url : http://siemensf22.nn.cagoe.com/Itf/Php/AjaxItf.php?method=GetSqlData&ItfName=get_story_list&CurPage=1&PageSize=16
getFieldValue报错
 select count(1) from (select story_id,story_title,story_pic,story_note,story_contents,story_id,is_show from bas_story) cmn_main_table 
-------------
Duplicate column name 'story_id'
*******************************************************************************************************/

/*******************************************************************************************************
* DateTime: 2015-09-26 14:45:39		IP: 114.83.100.69Brower: Mozilla/5.0 (Windows NT 6.1; Win64; x64) AppleWebKit/537.36 (KHTML, like Gecko) Chrome/44.0.2392.0 Safari/537.36
* Url : http://siemensf22.nn.cagoe.com/Itf/Php/AjaxItf.php?method=GetSqlData&ItfName=get_story_list&CurPage=1&PageSize=24
getFieldValue报错
 select count(1) from (select story_id,story_title,story_pic,story_note,story_contents,story_id,is_show from bas_story) cmn_main_table 
-------------
Duplicate column name 'story_id'
*******************************************************************************************************/

/*******************************************************************************************************
* DateTime: 2015-09-26 14:45:39		IP: 114.83.100.69Brower: Mozilla/5.0 (Windows NT 6.1; Win64; x64) AppleWebKit/537.36 (KHTML, like Gecko) Chrome/44.0.2392.0 Safari/537.36
* Url : http://siemensf22.nn.cagoe.com/Itf/Php/AjaxItf.php?method=GetSqlData&ItfName=get_story_list&CurPage=1&PageSize=16
getFieldValue报错
 select count(1) from (select story_id,story_title,story_pic,story_note,story_contents,story_id,is_show from bas_story) cmn_main_table 
-------------
Duplicate column name 'story_id'
*******************************************************************************************************/

/*******************************************************************************************************
* DateTime: 2015-09-26 14:46:15		IP: 114.83.100.69Brower: Mozilla/5.0 (Windows NT 6.1; Win64; x64) AppleWebKit/537.36 (KHTML, like Gecko) Chrome/44.0.2392.0 Safari/537.36
* Url : http://siemensf22.nn.cagoe.com/Itf/Php/AjaxItf.php?method=GetSqlData&ItfName=get_story_list&CurPage=1&PageSize=24
getFieldValue报错
 select count(1) from (select story_id,story_title,story_pic,story_note,story_contents,story_id,is_show from bas_story) cmn_main_table 
-------------
Duplicate column name 'story_id'
*******************************************************************************************************/

/*******************************************************************************************************
* DateTime: 2015-09-26 14:46:15		IP: 114.83.100.69Brower: Mozilla/5.0 (Windows NT 6.1; Win64; x64) AppleWebKit/537.36 (KHTML, like Gecko) Chrome/44.0.2392.0 Safari/537.36
* Url : http://siemensf22.nn.cagoe.com/Itf/Php/AjaxItf.php?method=GetSqlData&ItfName=get_story_list&CurPage=1&PageSize=16
getFieldValue报错
 select count(1) from (select story_id,story_title,story_pic,story_note,story_contents,story_id,is_show from bas_story) cmn_main_table 
-------------
Duplicate column name 'story_id'
*******************************************************************************************************/

/*******************************************************************************************************
* DateTime: 2015-09-26 14:48:21		IP: 114.83.100.69Brower: Mozilla/5.0 (iPhone; CPU iPhone OS 8_0 like Mac OS X) AppleWebKit/600.1.3 (KHTML, like Gecko) Version/8.0 Mobile/12A4345d Safari/600.1.4
* Url : http://siemensf22.nn.cagoe.com/Itf/Php/AjaxItf.php?method=GetSqlData&ItfName=get_story_list&CurPage=1&PageSize=24
getFieldValue报错
 select count(1) from (select story_id,story_title,story_pic,story_note,story_contents,story_id,is_show from bas_story) cmn_main_table 
-------------
Duplicate column name 'story_id'
*******************************************************************************************************/

/*******************************************************************************************************
* DateTime: 2015-09-26 14:48:21		IP: 114.83.100.69Brower: Mozilla/5.0 (iPhone; CPU iPhone OS 8_0 like Mac OS X) AppleWebKit/600.1.3 (KHTML, like Gecko) Version/8.0 Mobile/12A4345d Safari/600.1.4
* Url : http://siemensf22.nn.cagoe.com/Itf/Php/AjaxItf.php?method=GetSqlData&ItfName=get_story_list&CurPage=1&PageSize=16
getFieldValue报错
 select count(1) from (select story_id,story_title,story_pic,story_note,story_contents,story_id,is_show from bas_story) cmn_main_table 
-------------
Duplicate column name 'story_id'
*******************************************************************************************************/

/*******************************************************************************************************
* DateTime: 2015-09-26 14:49:35		IP: 114.83.100.69Brower: Mozilla/5.0 (iPhone; CPU iPhone OS 8_0 like Mac OS X) AppleWebKit/600.1.3 (KHTML, like Gecko) Version/8.0 Mobile/12A4345d Safari/600.1.4
* Url : http://siemensf22.nn.cagoe.com/Itf/Php/AjaxItf.php?method=GetSqlData&ItfName=get_story_list&CurPage=1&PageSize=24
getFieldValue报错
 select count(1) from (select story_id,story_title,story_pic,story_note,story_contents,story_id,is_show from bas_story) cmn_main_table 
-------------
Duplicate column name 'story_id'
*******************************************************************************************************/

/*******************************************************************************************************
* DateTime: 2015-09-26 14:49:35		IP: 114.83.100.69Brower: Mozilla/5.0 (iPhone; CPU iPhone OS 8_0 like Mac OS X) AppleWebKit/600.1.3 (KHTML, like Gecko) Version/8.0 Mobile/12A4345d Safari/600.1.4
* Url : http://siemensf22.nn.cagoe.com/Itf/Php/AjaxItf.php?method=GetSqlData&ItfName=get_story_list&CurPage=1&PageSize=16
getFieldValue报错
 select count(1) from (select story_id,story_title,story_pic,story_note,story_contents,story_id,is_show from bas_story) cmn_main_table 
-------------
Duplicate column name 'story_id'
*******************************************************************************************************/

/*******************************************************************************************************
* DateTime: 2015-09-26 14:51:31		IP: 114.83.100.69Brower: Mozilla/5.0 (Windows NT 6.1; Win64; x64) AppleWebKit/537.36 (KHTML, like Gecko) Chrome/44.0.2392.0 Safari/537.36
* Url : http://siemensf22.nn.cagoe.com/Itf/Php/AjaxItf.php?method=GetSqlData&ItfName=get_story_list&CurPage=1&PageSize=24
getFieldValue报错
 select count(1) from (select story_id,story_title,story_pic,story_note,story_contents,story_id,is_show from bas_story) cmn_main_table 
-------------
Duplicate column name 'story_id'
*******************************************************************************************************/

/*******************************************************************************************************
* DateTime: 2015-09-26 14:51:31		IP: 114.83.100.69Brower: Mozilla/5.0 (Windows NT 6.1; Win64; x64) AppleWebKit/537.36 (KHTML, like Gecko) Chrome/44.0.2392.0 Safari/537.36
* Url : http://siemensf22.nn.cagoe.com/Itf/Php/AjaxItf.php?method=GetSqlData&ItfName=get_story_list&CurPage=1&PageSize=16
getFieldValue报错
 select count(1) from (select story_id,story_title,story_pic,story_note,story_contents,story_id,is_show from bas_story) cmn_main_table 
-------------
Duplicate column name 'story_id'
*******************************************************************************************************/

/*******************************************************************************************************
* DateTime: 2015-09-26 14:52:21		IP: 101.226.61.181Brower: Mozilla/5.0 (Linux; U; Android 4.4.2; zh-cn; H60-L01 Build/HDH60-L01) AppleWebKit/533.1 (KHTML, like Gecko)Version/4.0 MQQBrowser/5.4 TBS/025469 Mobile Safari/533.1 MicroMessenger/6.2.5.51_rfe7d7c5.621 NetType/WIFI Language/zh_CN
* Url : http://siemensf22.nn.cagoe.com/Itf/Php/AjaxItf.php?method=GetSqlData&ItfName=get_story_list&CurPage=1&PageSize=24
getFieldValue报错
 select count(1) from (select story_id,story_title,story_pic,story_note,story_contents,story_id,is_show from bas_story) cmn_main_table 
-------------
Duplicate column name 'story_id'
*******************************************************************************************************/

/*******************************************************************************************************
* DateTime: 2015-09-26 14:52:21		IP: 101.226.61.181Brower: Mozilla/5.0 (Linux; U; Android 4.4.2; zh-cn; H60-L01 Build/HDH60-L01) AppleWebKit/533.1 (KHTML, like Gecko)Version/4.0 MQQBrowser/5.4 TBS/025469 Mobile Safari/533.1 MicroMessenger/6.2.5.51_rfe7d7c5.621 NetType/WIFI Language/zh_CN
* Url : http://siemensf22.nn.cagoe.com/Itf/Php/AjaxItf.php?method=GetSqlData&ItfName=get_story_list&CurPage=1&PageSize=16
getFieldValue报错
 select count(1) from (select story_id,story_title,story_pic,story_note,story_contents,story_id,is_show from bas_story) cmn_main_table 
-------------
Duplicate column name 'story_id'
*******************************************************************************************************/

/*******************************************************************************************************
* DateTime: 2015-09-26 14:56:37		IP: 114.83.100.69Brower: Mozilla/5.0 (iPhone; CPU iPhone OS 8_0 like Mac OS X) AppleWebKit/600.1.3 (KHTML, like Gecko) Version/8.0 Mobile/12A4345d Safari/600.1.4
* Url : http://siemensf22.nn.cagoe.com/Itf/Php/AjaxItf.php?method=GetSqlData&ItfName=get_story_list&CurPage=1&PageSize=24
getFieldValue报错
 select count(1) from (select story_id,story_title,story_pic,story_note,story_contents,story_id,is_show from bas_story) cmn_main_table 
-------------
Duplicate column name 'story_id'
*******************************************************************************************************/

/*******************************************************************************************************
* DateTime: 2015-09-26 14:56:37		IP: 114.83.100.69Brower: Mozilla/5.0 (iPhone; CPU iPhone OS 8_0 like Mac OS X) AppleWebKit/600.1.3 (KHTML, like Gecko) Version/8.0 Mobile/12A4345d Safari/600.1.4
* Url : http://siemensf22.nn.cagoe.com/Itf/Php/AjaxItf.php?method=GetSqlData&ItfName=get_story_list&CurPage=1&PageSize=16
getFieldValue报错
 select count(1) from (select story_id,story_title,story_pic,story_note,story_contents,story_id,is_show from bas_story) cmn_main_table 
-------------
Duplicate column name 'story_id'
*******************************************************************************************************/

/*******************************************************************************************************
* DateTime: 2015-09-26 14:57:55		IP: 114.83.100.69Brower: Mozilla/5.0 (Windows NT 6.1; Win64; x64) AppleWebKit/537.36 (KHTML, like Gecko) Chrome/44.0.2392.0 Safari/537.36
* Url : http://siemensf22.nn.cagoe.com/Itf/Php/AjaxItf.php?method=GetSqlData&ItfName=get_story_list&CurPage=1&PageSize=24
getFieldValue报错
 select count(1) from (select story_id,story_title,story_pic,story_note,story_contents,story_id,is_show from bas_story) cmn_main_table 
-------------
Duplicate column name 'story_id'
*******************************************************************************************************/

/*******************************************************************************************************
* DateTime: 2015-09-26 14:57:55		IP: 114.83.100.69Brower: Mozilla/5.0 (Windows NT 6.1; Win64; x64) AppleWebKit/537.36 (KHTML, like Gecko) Chrome/44.0.2392.0 Safari/537.36
* Url : http://siemensf22.nn.cagoe.com/Itf/Php/AjaxItf.php?method=GetSqlData&ItfName=get_story_list&CurPage=1&PageSize=16
getFieldValue报错
 select count(1) from (select story_id,story_title,story_pic,story_note,story_contents,story_id,is_show from bas_story) cmn_main_table 
-------------
Duplicate column name 'story_id'
*******************************************************************************************************/

/*******************************************************************************************************
* DateTime: 2015-09-26 14:57:58		IP: 114.83.100.69Brower: Mozilla/5.0 (Windows NT 6.1; Win64; x64) AppleWebKit/537.36 (KHTML, like Gecko) Chrome/44.0.2392.0 Safari/537.36
* Url : http://siemensf22.nn.cagoe.com/Itf/Php/AjaxItf.php?method=GetSqlData&ItfName=get_story_list&CurPage=1&PageSize=16
getFieldValue报错
 select count(1) from (select story_id,story_title,story_pic,story_note,story_contents,story_id,is_show from bas_story) cmn_main_table 
-------------
Duplicate column name 'story_id'
*******************************************************************************************************/

/*******************************************************************************************************
* DateTime: 2015-09-26 14:57:58		IP: 114.83.100.69Brower: Mozilla/5.0 (Windows NT 6.1; Win64; x64) AppleWebKit/537.36 (KHTML, like Gecko) Chrome/44.0.2392.0 Safari/537.36
* Url : http://siemensf22.nn.cagoe.com/Itf/Php/AjaxItf.php?method=GetSqlData&ItfName=get_story_list&CurPage=1&PageSize=24
getFieldValue报错
 select count(1) from (select story_id,story_title,story_pic,story_note,story_contents,story_id,is_show from bas_story) cmn_main_table 
-------------
Duplicate column name 'story_id'
*******************************************************************************************************/

/*******************************************************************************************************
* DateTime: 2015-09-26 14:58:46		IP: 114.83.100.69Brower: Mozilla/5.0 (iPhone; CPU iPhone OS 8_0 like Mac OS X) AppleWebKit/600.1.3 (KHTML, like Gecko) Version/8.0 Mobile/12A4345d Safari/600.1.4
* Url : http://siemensf22.nn.cagoe.com/Itf/Php/AjaxItf.php?method=GetSqlData&ItfName=get_story_list&CurPage=1&PageSize=24
getFieldValue报错
 select count(1) from (select story_id,story_title,story_pic,story_note,story_contents,story_id,is_show from bas_story) cmn_main_table 
-------------
Duplicate column name 'story_id'
*******************************************************************************************************/

/*******************************************************************************************************
* DateTime: 2015-09-26 14:58:47		IP: 114.83.100.69Brower: Mozilla/5.0 (iPhone; CPU iPhone OS 8_0 like Mac OS X) AppleWebKit/600.1.3 (KHTML, like Gecko) Version/8.0 Mobile/12A4345d Safari/600.1.4
* Url : http://siemensf22.nn.cagoe.com/Itf/Php/AjaxItf.php?method=GetSqlData&ItfName=get_story_list&CurPage=1&PageSize=16
getFieldValue报错
 select count(1) from (select story_id,story_title,story_pic,story_note,story_contents,story_id,is_show from bas_story) cmn_main_table 
-------------
Duplicate column name 'story_id'
*******************************************************************************************************/

/*******************************************************************************************************
* DateTime: 2015-09-26 14:59:40		IP: 114.83.100.69Brower: Mozilla/5.0 (iPhone; CPU iPhone OS 8_0 like Mac OS X) AppleWebKit/600.1.3 (KHTML, like Gecko) Version/8.0 Mobile/12A4345d Safari/600.1.4
* Url : http://siemensf22.nn.cagoe.com/Itf/Php/AjaxItf.php?method=GetSqlData&ItfName=get_story_list&CurPage=1&PageSize=24
getFieldValue报错
 select count(1) from (select story_id,story_title,story_pic,story_note,story_contents,story_id,is_show from bas_story) cmn_main_table 
-------------
Duplicate column name 'story_id'
*******************************************************************************************************/

/*******************************************************************************************************
* DateTime: 2015-09-26 14:59:40		IP: 114.83.100.69Brower: Mozilla/5.0 (iPhone; CPU iPhone OS 8_0 like Mac OS X) AppleWebKit/600.1.3 (KHTML, like Gecko) Version/8.0 Mobile/12A4345d Safari/600.1.4
* Url : http://siemensf22.nn.cagoe.com/Itf/Php/AjaxItf.php?method=GetSqlData&ItfName=get_story_list&CurPage=1&PageSize=16
getFieldValue报错
 select count(1) from (select story_id,story_title,story_pic,story_note,story_contents,story_id,is_show from bas_story) cmn_main_table 
-------------
Duplicate column name 'story_id'
*******************************************************************************************************/

/*******************************************************************************************************
* DateTime: 2015-09-26 14:59:45		IP: 114.83.100.69Brower: Mozilla/5.0 (iPhone; CPU iPhone OS 8_0 like Mac OS X) AppleWebKit/600.1.3 (KHTML, like Gecko) Version/8.0 Mobile/12A4345d Safari/600.1.4
* Url : http://siemensf22.nn.cagoe.com/Itf/Php/AjaxItf.php?method=GetSqlData&ItfName=get_story_list&CurPage=1&PageSize=24
getFieldValue报错
 select count(1) from (select story_id,story_title,story_pic,story_note,story_contents,story_id,is_show from bas_story) cmn_main_table 
-------------
Duplicate column name 'story_id'
*******************************************************************************************************/

/*******************************************************************************************************
* DateTime: 2015-09-26 14:59:46		IP: 114.83.100.69Brower: Mozilla/5.0 (iPhone; CPU iPhone OS 8_0 like Mac OS X) AppleWebKit/600.1.3 (KHTML, like Gecko) Version/8.0 Mobile/12A4345d Safari/600.1.4
* Url : http://siemensf22.nn.cagoe.com/Itf/Php/AjaxItf.php?method=GetSqlData&ItfName=get_story_list&CurPage=1&PageSize=16
getFieldValue报错
 select count(1) from (select story_id,story_title,story_pic,story_note,story_contents,story_id,is_show from bas_story) cmn_main_table 
-------------
Duplicate column name 'story_id'
*******************************************************************************************************/

/*******************************************************************************************************
* DateTime: 2015-09-26 15:01:00		IP: 114.83.100.69Brower: Mozilla/5.0 (iPhone; CPU iPhone OS 8_0 like Mac OS X) AppleWebKit/600.1.3 (KHTML, like Gecko) Version/8.0 Mobile/12A4345d Safari/600.1.4
* Url : http://siemensf22.nn.cagoe.com/Itf/Php/AjaxItf.php?method=GetSqlData&ItfName=get_story_list&CurPage=1&PageSize=24
getFieldValue报错
 select count(1) from (select story_id,story_title,story_pic,story_note,story_contents,story_id,is_show from bas_story) cmn_main_table 
-------------
Duplicate column name 'story_id'
*******************************************************************************************************/

/*******************************************************************************************************
* DateTime: 2015-09-26 15:01:00		IP: 114.83.100.69Brower: Mozilla/5.0 (iPhone; CPU iPhone OS 8_0 like Mac OS X) AppleWebKit/600.1.3 (KHTML, like Gecko) Version/8.0 Mobile/12A4345d Safari/600.1.4
* Url : http://siemensf22.nn.cagoe.com/Itf/Php/AjaxItf.php?method=GetSqlData&ItfName=get_story_list&CurPage=1&PageSize=16
getFieldValue报错
 select count(1) from (select story_id,story_title,story_pic,story_note,story_contents,story_id,is_show from bas_story) cmn_main_table 
-------------
Duplicate column name 'story_id'
*******************************************************************************************************/

/*******************************************************************************************************
/*******************************************************************************************************
* DateTime: 2015-09-26 15:14:22		IP: 101.226.33.199Brower: Mozilla/5.0 (Windows NT 6.1) AppleWebKit/537.36 (KHTML, like Gecko) Chrome/31.0.1650.63 Safari/537.36
* DateTime: 2015-09-26 15:14:22		IP: 101.226.33.199Brower: Mozilla/5.0 (Windows NT 6.1) AppleWebKit/537.36 (KHTML, like Gecko) Chrome/31.0.1650.63 Safari/537.36
* Url : http://siemensf22.nn.cagoe.com/Itf/Php/AjaxItf.php?method=GetSqlData&ItfName=get_story_list&CurPage=1&PageSize=24
* Url : http://siemensf22.nn.cagoe.com/Itf/Php/AjaxItf.php?method=GetSqlData&ItfName=get_story_list&CurPage=1&PageSize=16
getFieldValue报错
 select count(1) from (select story_id,story_title,story_pic,story_note,story_contents,story_id,is_show from bas_story) cmn_main_table 
-------------
Duplicate column name 'story_id'
getFieldValue报错
 select count(1) from (select story_id,story_title,story_pic,story_note,story_contents,story_id,is_show from bas_story) cmn_main_table 
-------------
Duplicate column name 'story_id'
*******************************************************************************************************/
*******************************************************************************************************/


/*******************************************************************************************************
* DateTime: 2015-09-26 15:51:35		IP: 114.83.100.69Brower: Mozilla/5.0 (iPhone; CPU iPhone OS 8_0 like Mac OS X) AppleWebKit/600.1.3 (KHTML, like Gecko) Version/8.0 Mobile/12A4345d Safari/600.1.4
* Url : http://siemensf22.nn.cagoe.com/Itf/Php/AjaxItf.php?method=GetSqlData&ItfName=get_story_list&CurPage=1&PageSize=24
getFieldValue报错
 select count(1) from (select story_id,story_title,story_pic,story_note,story_contents,story_id,is_show from bas_story) cmn_main_table 
-------------
Duplicate column name 'story_id'
*******************************************************************************************************/

/*******************************************************************************************************
* DateTime: 2015-09-26 15:51:35		IP: 114.83.100.69Brower: Mozilla/5.0 (iPhone; CPU iPhone OS 8_0 like Mac OS X) AppleWebKit/600.1.3 (KHTML, like Gecko) Version/8.0 Mobile/12A4345d Safari/600.1.4
* Url : http://siemensf22.nn.cagoe.com/Itf/Php/AjaxItf.php?method=GetSqlData&ItfName=get_story_list&CurPage=1&PageSize=16
getFieldValue报错
 select count(1) from (select story_id,story_title,story_pic,story_note,story_contents,story_id,is_show from bas_story) cmn_main_table 
-------------
Duplicate column name 'story_id'
*******************************************************************************************************/

/*******************************************************************************************************
* DateTime: 2015-09-26 17:26:48		IP: 114.83.100.69Brower: Mozilla/5.0 (Windows NT 10.0; Win64; x64) AppleWebKit/537.36 (KHTML, like Gecko) Chrome/47.0.2515.0 Safari/537.36
* Url : http://siemensf22.nn.cagoe.com/Itf/Php/AjaxItf.php?method=GetSqlData&ItfName=get_story_list&CurPage=1&PageSize=24
getFieldValue报错
 select count(1) from (select story_id,story_title,story_pic,story_note,story_contents,story_id,is_show from bas_story) cmn_main_table 
-------------
Duplicate column name 'story_id'
*******************************************************************************************************/

/*******************************************************************************************************
* DateTime: 2015-09-26 17:26:48		IP: 114.83.100.69Brower: Mozilla/5.0 (Windows NT 10.0; Win64; x64) AppleWebKit/537.36 (KHTML, like Gecko) Chrome/47.0.2515.0 Safari/537.36
* Url : http://siemensf22.nn.cagoe.com/Itf/Php/AjaxItf.php?method=GetSqlData&ItfName=get_story_list&CurPage=1&PageSize=16
getFieldValue报错
 select count(1) from (select story_id,story_title,story_pic,story_note,story_contents,story_id,is_show from bas_story) cmn_main_table 
-------------
Duplicate column name 'story_id'
*******************************************************************************************************/

/*******************************************************************************************************
* DateTime: 2015-09-26 17:26:51		IP: 114.83.100.69Brower: Mozilla/5.0 (Windows NT 10.0; Win64; x64) AppleWebKit/537.36 (KHTML, like Gecko) Chrome/47.0.2515.0 Safari/537.36
* Url : http://siemensf22.nn.cagoe.com/Itf/Php/AjaxItf.php?method=GetSqlData&ItfName=get_story_list&CurPage=2&PageSize=24
getFieldValue报错
 select count(1) from (select story_id,story_title,story_pic,story_note,story_contents,story_id,is_show from bas_story) cmn_main_table 
-------------
Duplicate column name 'story_id'
*******************************************************************************************************/

/*******************************************************************************************************
* DateTime: 2015-09-26 17:26:59		IP: 114.83.100.69Brower: Mozilla/5.0 (Windows NT 10.0; Win64; x64) AppleWebKit/537.36 (KHTML, like Gecko) Chrome/47.0.2515.0 Safari/537.36
* Url : http://siemensf22.nn.cagoe.com/Itf/Php/AjaxItf.php?method=GetSqlData&ItfName=get_story_list&CurPage=3&PageSize=24
getFieldValue报错
 select count(1) from (select story_id,story_title,story_pic,story_note,story_contents,story_id,is_show from bas_story) cmn_main_table 
-------------
Duplicate column name 'story_id'
*******************************************************************************************************/

/*******************************************************************************************************
* DateTime: 2015-09-26 18:12:21		IP: 114.83.100.69Brower: Mozilla/5.0 (Windows NT 6.1; Win64; x64) AppleWebKit/537.36 (KHTML, like Gecko) Chrome/44.0.2392.0 Safari/537.36
* Url : http://siemensf22.nn.cagoe.com/Itf/Php/AjaxItf.php?method=GetSqlData&ItfName=get_story_list&CurPage=1&PageSize=24
getFieldValue报错
 select count(1) from (select story_id,story_title,story_pic,story_note,story_contents,story_id,is_show from bas_story) cmn_main_table 
-------------
Duplicate column name 'story_id'
*******************************************************************************************************/

/*******************************************************************************************************
* DateTime: 2015-09-26 18:12:22		IP: 114.83.100.69Brower: Mozilla/5.0 (Windows NT 6.1; Win64; x64) AppleWebKit/537.36 (KHTML, like Gecko) Chrome/44.0.2392.0 Safari/537.36
* Url : http://siemensf22.nn.cagoe.com/Itf/Php/AjaxItf.php?method=GetSqlData&ItfName=get_story_list&CurPage=1&PageSize=16
getFieldValue报错
 select count(1) from (select story_id,story_title,story_pic,story_note,story_contents,story_id,is_show from bas_story) cmn_main_table 
-------------
Duplicate column name 'story_id'
*******************************************************************************************************/

/*******************************************************************************************************
* DateTime: 2015-09-26 18:29:03		IP: 114.83.100.69Brower: Mozilla/5.0 (Windows NT 6.1; Win64; x64) AppleWebKit/537.36 (KHTML, like Gecko) Chrome/44.0.2392.0 Safari/537.36
* Url : http://siemensf22.nn.cagoe.com/Itf/Php/AjaxItf.php?method=GetSqlData&ItfName=get_story_list&CurPage=1&PageSize=16
getFieldValue报错
 select count(1) from (select story_id,story_title,story_pic,story_note,story_contents,story_id,is_show from bas_story) cmn_main_table 
-------------
Duplicate column name 'story_id'
*******************************************************************************************************/

/*******************************************************************************************************
* DateTime: 2015-09-26 18:29:03		IP: 114.83.100.69Brower: Mozilla/5.0 (Windows NT 6.1; Win64; x64) AppleWebKit/537.36 (KHTML, like Gecko) Chrome/44.0.2392.0 Safari/537.36
* Url : http://siemensf22.nn.cagoe.com/Itf/Php/AjaxItf.php?method=GetSqlData&ItfName=get_story_list&CurPage=1&PageSize=24
getFieldValue报错
 select count(1) from (select story_id,story_title,story_pic,story_note,story_contents,story_id,is_show from bas_story) cmn_main_table 
-------------
Duplicate column name 'story_id'
*******************************************************************************************************/

/*******************************************************************************************************
* DateTime: 2015-09-26 21:11:56		IP: 114.83.100.69Brower: Mozilla/5.0 (Windows NT 10.0; Win64; x64) AppleWebKit/537.36 (KHTML, like Gecko) Chrome/47.0.2515.0 Safari/537.36
* Url : http://siemensf22.nn.cagoe.com/Itf/Php/AjaxItf.php?method=GetSqlData&ItfName=get_story_list&CurPage=1&PageSize=16
getFieldValue报错
 select count(1) from (select story_id,story_title,story_pic,story_note,story_contents,story_id,is_show from bas_story) cmn_main_table 
-------------
Duplicate column name 'story_id'
*******************************************************************************************************/

/*******************************************************************************************************
* DateTime: 2015-09-26 21:11:56		IP: 114.83.100.69Brower: Mozilla/5.0 (Windows NT 10.0; Win64; x64) AppleWebKit/537.36 (KHTML, like Gecko) Chrome/47.0.2515.0 Safari/537.36
* Url : http://siemensf22.nn.cagoe.com/Itf/Php/AjaxItf.php?method=GetSqlData&ItfName=get_story_list&CurPage=1&PageSize=24
getFieldValue报错
 select count(1) from (select story_id,story_title,story_pic,story_note,story_contents,story_id,is_show from bas_story) cmn_main_table 
-------------
Duplicate column name 'story_id'
*******************************************************************************************************/

/*******************************************************************************************************
* DateTime: 2015-09-26 21:11:59		IP: 114.83.100.69Brower: Mozilla/5.0 (Windows NT 10.0; Win64; x64) AppleWebKit/537.36 (KHTML, like Gecko) Chrome/47.0.2515.0 Safari/537.36
* Url : http://siemensf22.nn.cagoe.com/Itf/Php/AjaxItf.php?method=GetSqlData&ItfName=get_story_list&CurPage=2&PageSize=24
getFieldValue报错
 select count(1) from (select story_id,story_title,story_pic,story_note,story_contents,story_id,is_show from bas_story) cmn_main_table 
-------------
Duplicate column name 'story_id'
*******************************************************************************************************/

